<?xml version="1.0" encoding="UTF-8"?>
<!-- Generated by org.testng.reporters.JUnitReportReporter -->
<testsuite hostname="DESKTOP-8EODA8M" failures="0" tests="3" name="package1.PraticePageTestClass" time="19.728" errors="0" timestamp="2023-01-22T14:26:05 IST" skipped="0">
  <testcase classname="package1.PraticePageTestClass" name="verifyRow1example" time="4.231"/>
  <system-out/>
  <testcase classname="package1.PraticePageTestClass" name="verifyRow3Exmaple" time="4.085"/>
  <system-out/>
  <testcase classname="package1.PraticePageTestClass" name="verifyRow2Example" time="11.412"/>
  <system-out/>
</testsuite> <!-- package1.PraticePageTestClass -->
