<?xml version="1.0" encoding="UTF-8"?>
<!-- Generated by org.testng.reporters.JUnitReportReporter -->
<testsuite hostname="DESKTOP-8EODA8M" failures="0" tests="1" name="package1.PracticeFrameTestClass" time="13.032" errors="0" timestamp="2023-01-22T14:26:05 IST" skipped="0">
  <testcase classname="package1.PracticeFrameTestClass" name="verifyIframeexample" time="13.032"/>
  <system-out/>
</testsuite> <!-- package1.PracticeFrameTestClass -->
