<?xml version="1.0" encoding="UTF-8"?>
<!-- Generated by org.testng.reporters.JUnitReportReporter -->
<testsuite hostname="DESKTOP-8EODA8M" failures="0" tests="3" name="package1.PraticePageTestClass" time="21.348" errors="0" timestamp="2023-01-22T01:25:52 IST" skipped="0">
  <testcase classname="package1.PraticePageTestClass" name="verifyRow1example" time="2.410"/>
  <system-out/>
  <testcase classname="package1.PraticePageTestClass" name="verifyRow3Exmaple" time="2.367"/>
  <system-out/>
  <testcase classname="package1.PraticePageTestClass" name="verifyRow2Example" time="16.571"/>
  <system-out/>
</testsuite> <!-- package1.PraticePageTestClass -->
